<?xml version="1.0" encoding="UTF-8"?>
<!-- Generated by org.testng.reporters.JUnitReportReporter -->
<testsuite skipped="0" hostname="ae089952" name="Scripts.sampletest" tests="1" failures="0" timestamp="07 Dec 2018 08:20:40 GMT" time="11.942" errors="0">
  <testcase name="Basicflow" time="11.942" classname="Scripts.sampletest"/>
</testsuite> <!-- Scripts.sampletest -->
