<?xml version="1.0" encoding="UTF-8"?>
<!-- Generated by org.testng.reporters.JUnitReportReporter -->
<testsuite skipped="0" hostname="ae089952" name="Scripts.sampletest" tests="1" failures="0" timestamp="08 Dec 2018 07:18:50 GMT" time="13.634" errors="0">
  <testcase name="Basicflow" time="13.634" classname="Scripts.sampletest"/>
</testsuite> <!-- Scripts.sampletest -->
