<?xml version="1.0" encoding="UTF-8"?>
<!-- Generated by org.testng.reporters.JUnitReportReporter -->
<testsuite skipped="0" hostname="ae089952" name="Scripts.sampletest" tests="1" failures="0" timestamp="07 Dec 2018 17:59:26 GMT" time="15.492" errors="0">
  <testcase name="Basicflow" time="15.492" classname="Scripts.sampletest"/>
</testsuite> <!-- Scripts.sampletest -->
