<?xml version="1.0" encoding="UTF-8"?>
<!-- Generated by org.testng.reporters.JUnitReportReporter -->
<testsuite skipped="0" hostname="ae089952" name="Scripts.TestCase2" tests="1" failures="0" timestamp="07 Dec 2018 09:21:56 GMT" time="0.000" errors="0">
  <testcase name="TestSignReuse" time="0.000" classname="Scripts.TestCase2"/>
</testsuite> <!-- Scripts.TestCase2 -->
